<?xml version="1.0" encoding="UTF-8"?>
<!-- Generated by org.testng.reporters.JUnitXMLReporter -->
<testsuite hostname="AMAZUQATEST1" ignored="6" name="Default test(failed)" tests="12" failures="8" timestamp="11 Feb 2021 09:38:04 GMT" time="1353.647" errors="0">
  <testcase name="NewUser_NextShipping_PayPal" time="119.047" classname="suite.test.NewUserCheckoutTest">
    <failure type="java.lang.NullPointerException">
      <![CDATA[java.lang.NullPointerException
at suite.test.NewUserCheckoutTest.NewUser_NextShipping_PayPal(NewUserCheckoutTest.java:770)
... Removed 25 stack frames]]>
    </failure>
  </testcase> <!-- NewUser_NextShipping_PayPal -->
  <testcase name="NewUser_SecondShipping_Disc" time="120.347" classname="suite.test.NewUserCheckoutTest"/>
  <testcase name="NewUser_NextShipping_Disc" time="110.745" classname="suite.test.NewUserCheckoutTest">
    <failure type="org.openqa.selenium.TimeoutException" message="Expected condition failed: waiting for visibility of [[ChromeDriver: chrome on WINDOWS (f7e2ae91df6cab5e1b31a43b1dae3a71)] -&amp;gt; id: cciFrame] (tried for 20 second(s) with 500 milliseconds interval)
Build info: version: &amp;apos;3.141.59&amp;apos;, revision: &amp;apos;e82be7d358&amp;apos;, time: &amp;apos;2018-11-14T08:17:03&amp;apos;
System info: host: &amp;apos;AMAZUQATEST1&amp;apos;, ip: &amp;apos;10.72.50.24&amp;apos;, os.name: &amp;apos;Windows Server 2019&amp;apos;, os.arch: &amp;apos;amd64&amp;apos;, os.version: &amp;apos;10.0&amp;apos;, java.version: &amp;apos;1.8.0_231&amp;apos;
Driver info: org.openqa.selenium.support.events.EventFiringWebDriver
Capabilities {acceptInsecureCerts: false, browserName: chrome, browserVersion: 87.0.4280.141, chrome: {chromedriverVersion: 87.0.4280.88 (89e2380a3e36c..., userDataDir: C:\Users\abhawsar\AppData\L...}, goog:chromeOptions: {debuggerAddress: localhost:60524}, javascriptEnabled: true, networkConnectionEnabled: false, pageLoadStrategy: normal, platform: WINDOWS, platformName: WINDOWS, proxy: Proxy(), setWindowRect: true, strictFileInteractability: false, timeouts: {implicit: 0, pageLoad: 300000, script: 30000}, unhandledPromptBehavior: accept, webauthn:virtualAuthenticators: true}
Session ID: f7e2ae91df6cab5e1b31a43b1dae3a71">
      <![CDATA[org.openqa.selenium.TimeoutException: Expected condition failed: waiting for visibility of [[ChromeDriver: chrome on WINDOWS (f7e2ae91df6cab5e1b31a43b1dae3a71)] -> id: cciFrame] (tried for 20 second(s) with 500 milliseconds interval)
Build info: version: '3.141.59', revision: 'e82be7d358', time: '2018-11-14T08:17:03'
System info: host: 'AMAZUQATEST1', ip: '10.72.50.24', os.name: 'Windows Server 2019', os.arch: 'amd64', os.version: '10.0', java.version: '1.8.0_231'
Driver info: org.openqa.selenium.support.events.EventFiringWebDriver
Capabilities {acceptInsecureCerts: false, browserName: chrome, browserVersion: 87.0.4280.141, chrome: {chromedriverVersion: 87.0.4280.88 (89e2380a3e36c..., userDataDir: C:\Users\abhawsar\AppData\L...}, goog:chromeOptions: {debuggerAddress: localhost:60524}, javascriptEnabled: true, networkConnectionEnabled: false, pageLoadStrategy: normal, platform: WINDOWS, platformName: WINDOWS, proxy: Proxy(), setWindowRect: true, strictFileInteractability: false, timeouts: {implicit: 0, pageLoad: 300000, script: 30000}, unhandledPromptBehavior: accept, webauthn:virtualAuthenticators: true}
Session ID: f7e2ae91df6cab5e1b31a43b1dae3a71
at org.openqa.selenium.support.ui.WebDriverWait.timeoutException(WebDriverWait.java:95)
at org.openqa.selenium.support.ui.FluentWait.until(FluentWait.java:272)
at suite.base.PageBase.getWebElement(PageBase.java:147)
at suite.page.CheckoutPage.switchToPaymentIframe(CheckoutPage.java:693)
at suite.test.NewUserCheckoutTest.NewUser_NextShipping_Disc(NewUserCheckoutTest.java:632)
... Removed 25 stack frames]]>
    </failure>
  </testcase> <!-- NewUser_NextShipping_Disc -->
  <testcase name="NewUser_SecondShipping_PayPal" time="95.891" classname="suite.test.NewUserCheckoutTest">
    <failure type="java.lang.NullPointerException">
      <![CDATA[java.lang.NullPointerException
at suite.test.NewUserCheckoutTest.NewUser_SecondShipping_PayPal(NewUserCheckoutTest.java:725)
... Removed 25 stack frames]]>
    </failure>
  </testcase> <!-- NewUser_SecondShipping_PayPal -->
  <testcase name="NewUser_NextDayShipping_PayPalCredit" time="93.779" classname="suite.test.NewUserCheckoutTest">
    <failure type="java.lang.NullPointerException">
      <![CDATA[java.lang.NullPointerException
at suite.test.NewUserCheckoutTest.NewUser_NextDayShipping_PayPalCredit(NewUserCheckoutTest.java:900)
... Removed 25 stack frames]]>
    </failure>
  </testcase> <!-- NewUser_NextDayShipping_PayPalCredit -->
  <testcase name="NewUser_GroundShipping_PayPalCredit" time="94.108" classname="suite.test.NewUserCheckoutTest">
    <failure type="org.openqa.selenium.TimeoutException" message="Expected condition failed: waiting for element to be clickable: [[ChromeDriver: chrome on WINDOWS (3577ff499b1dd2ead289c2e2a08211e0)] -&amp;gt; css selector: .janus-standard-shipping-listing &amp;gt; .janus-shipping-method-block:nth-child(3) .radio-label] (tried for 20 second(s) with 500 milliseconds interval)
Build info: version: &amp;apos;3.141.59&amp;apos;, revision: &amp;apos;e82be7d358&amp;apos;, time: &amp;apos;2018-11-14T08:17:03&amp;apos;
System info: host: &amp;apos;AMAZUQATEST1&amp;apos;, ip: &amp;apos;10.72.50.24&amp;apos;, os.name: &amp;apos;Windows Server 2019&amp;apos;, os.arch: &amp;apos;amd64&amp;apos;, os.version: &amp;apos;10.0&amp;apos;, java.version: &amp;apos;1.8.0_231&amp;apos;
Driver info: org.openqa.selenium.support.events.EventFiringWebDriver
Capabilities {acceptInsecureCerts: false, browserName: chrome, browserVersion: 87.0.4280.141, chrome: {chromedriverVersion: 87.0.4280.88 (89e2380a3e36c..., userDataDir: C:\Users\abhawsar\AppData\L...}, goog:chromeOptions: {debuggerAddress: localhost:61441}, javascriptEnabled: true, networkConnectionEnabled: false, pageLoadStrategy: normal, platform: WINDOWS, platformName: WINDOWS, proxy: Proxy(), setWindowRect: true, strictFileInteractability: false, timeouts: {implicit: 0, pageLoad: 300000, script: 30000}, unhandledPromptBehavior: accept, webauthn:virtualAuthenticators: true}
Session ID: 3577ff499b1dd2ead289c2e2a08211e0">
      <![CDATA[org.openqa.selenium.TimeoutException: Expected condition failed: waiting for element to be clickable: [[ChromeDriver: chrome on WINDOWS (3577ff499b1dd2ead289c2e2a08211e0)] -> css selector: .janus-standard-shipping-listing > .janus-shipping-method-block:nth-child(3) .radio-label] (tried for 20 second(s) with 500 milliseconds interval)
Build info: version: '3.141.59', revision: 'e82be7d358', time: '2018-11-14T08:17:03'
System info: host: 'AMAZUQATEST1', ip: '10.72.50.24', os.name: 'Windows Server 2019', os.arch: 'amd64', os.version: '10.0', java.version: '1.8.0_231'
Driver info: org.openqa.selenium.support.events.EventFiringWebDriver
Capabilities {acceptInsecureCerts: false, browserName: chrome, browserVersion: 87.0.4280.141, chrome: {chromedriverVersion: 87.0.4280.88 (89e2380a3e36c..., userDataDir: C:\Users\abhawsar\AppData\L...}, goog:chromeOptions: {debuggerAddress: localhost:61441}, javascriptEnabled: true, networkConnectionEnabled: false, pageLoadStrategy: normal, platform: WINDOWS, platformName: WINDOWS, proxy: Proxy(), setWindowRect: true, strictFileInteractability: false, timeouts: {implicit: 0, pageLoad: 300000, script: 30000}, unhandledPromptBehavior: accept, webauthn:virtualAuthenticators: true}
Session ID: 3577ff499b1dd2ead289c2e2a08211e0
at org.openqa.selenium.support.ui.WebDriverWait.timeoutException(WebDriverWait.java:95)
at org.openqa.selenium.support.ui.FluentWait.until(FluentWait.java:272)
at suite.base.PageBase.clickingElement(PageBase.java:193)
at suite.page.CheckoutPage.selectPaypalCrReg(CheckoutPage.java:549)
at suite.test.NewUserCheckoutTest.NewUser_GroundShipping_PayPalCredit(NewUserCheckoutTest.java:809)
... Removed 25 stack frames]]>
    </failure>
  </testcase> <!-- NewUser_GroundShipping_PayPalCredit -->
  <testcase name="NewUser_SecondShipping_Amex" time="119.663" classname="suite.test.NewUserCheckoutTest"/>
  <testcase name="NewUser_GroundShipping_PayPal" time="88.545" classname="suite.test.NewUserCheckoutTest">
    <failure type="java.lang.NullPointerException">
      <![CDATA[java.lang.NullPointerException
at suite.test.NewUserCheckoutTest.NewUser_GroundShipping_PayPal(NewUserCheckoutTest.java:680)
... Removed 25 stack frames]]>
    </failure>
  </testcase> <!-- NewUser_GroundShipping_PayPal -->
  <testcase name="NewUser_SecondShipping_Visa" time="117.319" classname="suite.test.NewUserCheckoutTest"/>
  <testcase name="NewUser_NextShipping_Visa" time="151.403" classname="suite.test.NewUserCheckoutTest">
    <failure type="org.openqa.selenium.TimeoutException" message="Expected condition failed: waiting for element to be clickable: [[ChromeDriver: chrome on WINDOWS (87881910be29cd658bd36b82d954e870)] -&amp;gt; id: PlaceOrderButton] (tried for 20 second(s) with 500 milliseconds interval)
Build info: version: &amp;apos;3.141.59&amp;apos;, revision: &amp;apos;e82be7d358&amp;apos;, time: &amp;apos;2018-11-14T08:17:03&amp;apos;
System info: host: &amp;apos;AMAZUQATEST1&amp;apos;, ip: &amp;apos;10.72.50.24&amp;apos;, os.name: &amp;apos;Windows Server 2019&amp;apos;, os.arch: &amp;apos;amd64&amp;apos;, os.version: &amp;apos;10.0&amp;apos;, java.version: &amp;apos;1.8.0_231&amp;apos;
Driver info: org.openqa.selenium.support.events.EventFiringWebDriver
Capabilities {acceptInsecureCerts: false, browserName: chrome, browserVersion: 87.0.4280.141, chrome: {chromedriverVersion: 87.0.4280.88 (89e2380a3e36c..., userDataDir: C:\Users\abhawsar\AppData\L...}, goog:chromeOptions: {debuggerAddress: localhost:62701}, javascriptEnabled: true, networkConnectionEnabled: false, pageLoadStrategy: normal, platform: WINDOWS, platformName: WINDOWS, proxy: Proxy(), setWindowRect: true, strictFileInteractability: false, timeouts: {implicit: 0, pageLoad: 300000, script: 30000}, unhandledPromptBehavior: accept, webauthn:virtualAuthenticators: true}
Session ID: 87881910be29cd658bd36b82d954e870">
      <![CDATA[org.openqa.selenium.TimeoutException: Expected condition failed: waiting for element to be clickable: [[ChromeDriver: chrome on WINDOWS (87881910be29cd658bd36b82d954e870)] -> id: PlaceOrderButton] (tried for 20 second(s) with 500 milliseconds interval)
Build info: version: '3.141.59', revision: 'e82be7d358', time: '2018-11-14T08:17:03'
System info: host: 'AMAZUQATEST1', ip: '10.72.50.24', os.name: 'Windows Server 2019', os.arch: 'amd64', os.version: '10.0', java.version: '1.8.0_231'
Driver info: org.openqa.selenium.support.events.EventFiringWebDriver
Capabilities {acceptInsecureCerts: false, browserName: chrome, browserVersion: 87.0.4280.141, chrome: {chromedriverVersion: 87.0.4280.88 (89e2380a3e36c..., userDataDir: C:\Users\abhawsar\AppData\L...}, goog:chromeOptions: {debuggerAddress: localhost:62701}, javascriptEnabled: true, networkConnectionEnabled: false, pageLoadStrategy: normal, platform: WINDOWS, platformName: WINDOWS, proxy: Proxy(), setWindowRect: true, strictFileInteractability: false, timeouts: {implicit: 0, pageLoad: 300000, script: 30000}, unhandledPromptBehavior: accept, webauthn:virtualAuthenticators: true}
Session ID: 87881910be29cd658bd36b82d954e870
at org.openqa.selenium.support.ui.WebDriverWait.timeoutException(WebDriverWait.java:95)
at org.openqa.selenium.support.ui.FluentWait.until(FluentWait.java:272)
at suite.base.PageBase.clickingElement(PageBase.java:193)
at suite.page.CheckoutPage.clkPlaceOrderBtn(CheckoutPage.java:575)
at suite.test.NewUserCheckoutTest.NewUser_NextShipping_Visa(NewUserCheckoutTest.java:503)
... Removed 25 stack frames]]>
    </failure>
  </testcase> <!-- NewUser_NextShipping_Visa -->
  <testcase name="NewUser_SecondDayShipping_PayPalCredit" time="91.96" classname="suite.test.NewUserCheckoutTest">
    <failure type="java.lang.NullPointerException">
      <![CDATA[java.lang.NullPointerException
at suite.test.NewUserCheckoutTest.NewUser_SecondDayShipping_PayPalCredit(NewUserCheckoutTest.java:856)
... Removed 25 stack frames]]>
    </failure>
  </testcase> <!-- NewUser_SecondDayShipping_PayPalCredit -->
  <testcase name="NewUser_SecondShipping_Master" time="111.39" classname="suite.test.NewUserCheckoutTest"/>
  <testcase name="NewUser_GroundShipping_Master" time="0.0" classname="suite.test.NewUserCheckoutTest">
    <ignored/>
  </testcase> <!-- NewUser_GroundShipping_Master -->
  <testcase name="NewUser_GroundShipping_Disc" time="0.0" classname="suite.test.NewUserCheckoutTest">
    <ignored/>
  </testcase> <!-- NewUser_GroundShipping_Disc -->
  <testcase name="NewUser_GroundShipping_Amex" time="0.0" classname="suite.test.NewUserCheckoutTest">
    <ignored/>
  </testcase> <!-- NewUser_GroundShipping_Amex -->
  <testcase name="NewUser_NextShipping_Master" time="0.0" classname="suite.test.NewUserCheckoutTest">
    <ignored/>
  </testcase> <!-- NewUser_NextShipping_Master -->
  <testcase name="NewUser_NextDayShipping_Amex" time="0.0" classname="suite.test.NewUserCheckoutTest">
    <ignored/>
  </testcase> <!-- NewUser_NextDayShipping_Amex -->
  <testcase name="NewUser_GroundShipping_Visa" time="0.0" classname="suite.test.NewUserCheckoutTest">
    <ignored/>
  </testcase> <!-- NewUser_GroundShipping_Visa -->
</testsuite> <!-- Default test(failed) -->
