<?xml version="1.0" encoding="UTF-8"?>
<!-- Generated by org.testng.reporters.JUnitXMLReporter -->
<testsuite ignored="17" hostname="Khushboo-Jain" failures="1" tests="1" name="Default test" time="112.261" errors="0" timestamp="29 Sep 2022 10:50:17 GMT">
  <testcase classname="suite.test.CheckoutTest" name="GuestUser_GroundShipping_Visa" time="107.437">
    <failure type="org.openqa.selenium.InvalidElementStateException" message="invalid element state
  (Session info: chrome=105.0.5195.127)
Build info: version: &amp;apos;3.141.0&amp;apos;, revision: &amp;apos;2ecb7d9a&amp;apos;, time: &amp;apos;2018-10-31T20:09:30&amp;apos;
System info: host: &amp;apos;KHUSHBOO-JAIN&amp;apos;, ip: &amp;apos;192.168.29.45&amp;apos;, os.name: &amp;apos;Windows 10&amp;apos;, os.arch: &amp;apos;amd64&amp;apos;, os.version: &amp;apos;10.0&amp;apos;, java.version: &amp;apos;11.0.11&amp;apos;
Driver info: org.openqa.selenium.chrome.ChromeDriver
Capabilities {acceptInsecureCerts: false, browserName: chrome, browserVersion: 105.0.5195.127, chrome: {chromedriverVersion: 105.0.5195.52 (412c95e51883..., userDataDir: C:\Users\KHUSHB~1.JAI\AppDa...}, goog:chromeOptions: {debuggerAddress: localhost:63072}, javascriptEnabled: true, networkConnectionEnabled: false, pageLoadStrategy: normal, platform: WINDOWS, platformName: WINDOWS, proxy: Proxy(), setWindowRect: true, strictFileInteractability: false, timeouts: {implicit: 0, pageLoad: 300000, script: 30000}, unhandledPromptBehavior: accept, webauthn:extension:credBlob: true, webauthn:extension:largeBlob: true, webauthn:virtualAuthenticators: true}
Session ID: 6f5024e00b126591b6d79882b45c5506">
      <![CDATA[org.openqa.selenium.InvalidElementStateException: invalid element state
  (Session info: chrome=105.0.5195.127)
Build info: version: '3.141.0', revision: '2ecb7d9a', time: '2018-10-31T20:09:30'
System info: host: 'KHUSHBOO-JAIN', ip: '192.168.29.45', os.name: 'Windows 10', os.arch: 'amd64', os.version: '10.0', java.version: '11.0.11'
Driver info: org.openqa.selenium.chrome.ChromeDriver
Capabilities {acceptInsecureCerts: false, browserName: chrome, browserVersion: 105.0.5195.127, chrome: {chromedriverVersion: 105.0.5195.52 (412c95e51883..., userDataDir: C:\Users\KHUSHB~1.JAI\AppDa...}, goog:chromeOptions: {debuggerAddress: localhost:63072}, javascriptEnabled: true, networkConnectionEnabled: false, pageLoadStrategy: normal, platform: WINDOWS, platformName: WINDOWS, proxy: Proxy(), setWindowRect: true, strictFileInteractability: false, timeouts: {implicit: 0, pageLoad: 300000, script: 30000}, unhandledPromptBehavior: accept, webauthn:extension:credBlob: true, webauthn:extension:largeBlob: true, webauthn:virtualAuthenticators: true}
Session ID: 6f5024e00b126591b6d79882b45c5506
at java.base/jdk.internal.reflect.NativeConstructorAccessorImpl.newInstance0(Native Method)
at java.base/jdk.internal.reflect.NativeConstructorAccessorImpl.newInstance(NativeConstructorAccessorImpl.java:62)
at java.base/jdk.internal.reflect.DelegatingConstructorAccessorImpl.newInstance(DelegatingConstructorAccessorImpl.java:45)
at java.base/java.lang.reflect.Constructor.newInstance(Constructor.java:490)
at org.openqa.selenium.remote.http.W3CHttpResponseCodec.createException(W3CHttpResponseCodec.java:187)
at org.openqa.selenium.remote.http.W3CHttpResponseCodec.decode(W3CHttpResponseCodec.java:122)
at org.openqa.selenium.remote.http.W3CHttpResponseCodec.decode(W3CHttpResponseCodec.java:49)
at org.openqa.selenium.remote.HttpCommandExecutor.execute(HttpCommandExecutor.java:158)
at org.openqa.selenium.remote.service.DriverCommandExecutor.execute(DriverCommandExecutor.java:83)
at org.openqa.selenium.remote.RemoteWebDriver.execute(RemoteWebDriver.java:552)
at org.openqa.selenium.remote.RemoteWebElement.execute(RemoteWebElement.java:285)
at org.openqa.selenium.remote.RemoteWebElement.clear(RemoteWebElement.java:124)
at java.base/jdk.internal.reflect.NativeMethodAccessorImpl.invoke0(Native Method)
at java.base/jdk.internal.reflect.NativeMethodAccessorImpl.invoke(NativeMethodAccessorImpl.java:62)
at java.base/jdk.internal.reflect.DelegatingMethodAccessorImpl.invoke(DelegatingMethodAccessorImpl.java:43)
at java.base/java.lang.reflect.Method.invoke(Method.java:566)
at org.openqa.selenium.support.events.EventFiringWebDriver$EventFiringWebElement.lambda$new$0(EventFiringWebDriver.java:404)
at com.sun.proxy.$Proxy20.clear(Unknown Source)
at org.openqa.selenium.support.events.EventFiringWebDriver$EventFiringWebElement.clear(EventFiringWebDriver.java:436)
at java.base/jdk.internal.reflect.NativeMethodAccessorImpl.invoke0(Native Method)
at java.base/jdk.internal.reflect.NativeMethodAccessorImpl.invoke(NativeMethodAccessorImpl.java:62)
at java.base/jdk.internal.reflect.DelegatingMethodAccessorImpl.invoke(DelegatingMethodAccessorImpl.java:43)
at java.base/java.lang.reflect.Method.invoke(Method.java:566)
at org.openqa.selenium.support.pagefactory.internal.LocatingElementHandler.invoke(LocatingElementHandler.java:51)
at com.sun.proxy.$Proxy18.clear(Unknown Source)
at suite.base.PageBase.setText(PageBase.java:253)
at suite.page.CheckoutPage.selectGuestState(CheckoutPage.java:477)
at suite.test.CheckoutTest.GuestUser_GroundShipping_Visa(CheckoutTest.java:121)
at java.base/jdk.internal.reflect.NativeMethodAccessorImpl.invoke0(Native Method)
at java.base/jdk.internal.reflect.NativeMethodAccessorImpl.invoke(NativeMethodAccessorImpl.java:62)
at java.base/jdk.internal.reflect.DelegatingMethodAccessorImpl.invoke(DelegatingMethodAccessorImpl.java:43)
at java.base/java.lang.reflect.Method.invoke(Method.java:566)
at org.testng.internal.MethodInvocationHelper.invokeMethod(MethodInvocationHelper.java:124)
at org.testng.internal.Invoker.invokeMethod(Invoker.java:583)
at org.testng.internal.Invoker.invokeTestMethod(Invoker.java:719)
at org.testng.internal.Invoker.invokeTestMethods(Invoker.java:989)
at org.testng.internal.TestMethodWorker.invokeTestMethods(TestMethodWorker.java:125)
at org.testng.internal.TestMethodWorker.run(TestMethodWorker.java:109)
at org.testng.TestRunner.privateRun(TestRunner.java:648)
at org.testng.TestRunner.run(TestRunner.java:505)
at org.testng.SuiteRunner.runTest(SuiteRunner.java:455)
at org.testng.SuiteRunner.runSequentially(SuiteRunner.java:450)
at org.testng.SuiteRunner.privateRun(SuiteRunner.java:415)
at org.testng.SuiteRunner.run(SuiteRunner.java:364)
at org.testng.SuiteRunnerWorker.runSuite(SuiteRunnerWorker.java:52)
at org.testng.SuiteRunnerWorker.run(SuiteRunnerWorker.java:84)
at org.testng.TestNG.runSuitesSequentially(TestNG.java:1208)
at org.testng.TestNG.runSuitesLocally(TestNG.java:1137)
at org.testng.TestNG.runSuites(TestNG.java:1049)
at org.testng.TestNG.run(TestNG.java:1017)
at org.testng.remote.AbstractRemoteTestNG.run(AbstractRemoteTestNG.java:115)
at org.testng.remote.RemoteTestNG.initAndRun(RemoteTestNG.java:251)
at org.testng.remote.RemoteTestNG.main(RemoteTestNG.java:77)
]]>
    </failure>
  </testcase> <!-- GuestUser_GroundShipping_Visa -->
  <testcase classname="suite.test.CheckoutTest" name="Guestuser_GroundShipping_Paypal" time="0.0">
    <ignored/>
  </testcase> <!-- Guestuser_GroundShipping_Paypal -->
  <testcase classname="suite.test.CheckoutTest" name="GuestUser_NextShipping_Visa" time="0.0">
    <ignored/>
  </testcase> <!-- GuestUser_NextShipping_Visa -->
  <testcase classname="suite.test.CheckoutTest" name="GuestUser_GroundShipping_PayPalCredit" time="0.0">
    <ignored/>
  </testcase> <!-- GuestUser_GroundShipping_PayPalCredit -->
  <testcase classname="suite.test.CheckoutTest" name="GuestUser_NextDayShipping_PayPalCredit" time="0.0">
    <ignored/>
  </testcase> <!-- GuestUser_NextDayShipping_PayPalCredit -->
  <testcase classname="suite.test.CheckoutTest" name="GuestUser_SecondShipping_Amex" time="0.0">
    <ignored/>
  </testcase> <!-- GuestUser_SecondShipping_Amex -->
  <testcase classname="suite.test.CheckoutTest" name="GuestUser_SecondDayShipping_PayPalCredit" time="0.0">
    <ignored/>
  </testcase> <!-- GuestUser_SecondDayShipping_PayPalCredit -->
  <testcase classname="suite.test.CheckoutTest" name="GuestUser_NextShipping_Master" time="0.0">
    <ignored/>
  </testcase> <!-- GuestUser_NextShipping_Master -->
  <testcase classname="suite.test.CheckoutTest" name="Guestuser_SecondShipping_Paypal" time="0.0">
    <ignored/>
  </testcase> <!-- Guestuser_SecondShipping_Paypal -->
  <testcase classname="suite.test.CheckoutTest" name="GuestUser_NextShipping_Amex" time="0.0">
    <ignored/>
  </testcase> <!-- GuestUser_NextShipping_Amex -->
  <testcase classname="suite.test.CheckoutTest" name="GuestUser_GroundShipping_Disc" time="0.0">
    <ignored/>
  </testcase> <!-- GuestUser_GroundShipping_Disc -->
  <testcase classname="suite.test.CheckoutTest" name="GuestUser_SecondShipping_Disc" time="0.0">
    <ignored/>
  </testcase> <!-- GuestUser_SecondShipping_Disc -->
  <testcase classname="suite.test.CheckoutTest" name="GuestUser_GroundShipping_Master" time="0.0">
    <ignored/>
  </testcase> <!-- GuestUser_GroundShipping_Master -->
  <testcase classname="suite.test.CheckoutTest" name="GuestUser_SecondShipping_Visa" time="0.0">
    <ignored/>
  </testcase> <!-- GuestUser_SecondShipping_Visa -->
  <testcase classname="suite.test.CheckoutTest" name="GuestUser_GroundShipping_Amex" time="0.0">
    <ignored/>
  </testcase> <!-- GuestUser_GroundShipping_Amex -->
  <testcase classname="suite.test.CheckoutTest" name="Guestuser_NextShipping_Paypal" time="0.0">
    <ignored/>
  </testcase> <!-- Guestuser_NextShipping_Paypal -->
  <testcase classname="suite.test.CheckoutTest" name="GuestUser_NextShipping_Disc" time="0.0">
    <ignored/>
  </testcase> <!-- GuestUser_NextShipping_Disc -->
  <testcase classname="suite.test.CheckoutTest" name="GuestUser_SecondShipping_Master" time="0.0">
    <ignored/>
  </testcase> <!-- GuestUser_SecondShipping_Master -->
</testsuite> <!-- Default test -->
