<?xml version="1.0" encoding="UTF-8"?>
<!-- Generated by org.testng.reporters.JUnitXMLReporter -->
<testsuite hostname="AMAZUQATEST1" ignored="18" name="Regression Test" tests="1" failures="1" timestamp="11 Mar 2021 10:02:35 GMT" time="184.311" errors="0">
  <testcase name="RegisteredUser_GroundShipping_Master" time="176.26" classname="suite.test.RegisteredCheckoutTest">
    <failure type="org.openqa.selenium.TimeoutException" message="Expected condition failed: waiting for visibility of [[FirefoxDriver: firefox on WINDOWS (de412d1d-b30a-4485-8da4-e2a8287e2185)] -&amp;gt; id: cciFrame] (tried for 20 second(s) with 500 milliseconds interval)
Build info: version: &amp;apos;3.141.59&amp;apos;, revision: &amp;apos;e82be7d358&amp;apos;, time: &amp;apos;2018-11-14T08:17:03&amp;apos;
System info: host: &amp;apos;AMAZUQATEST1&amp;apos;, ip: &amp;apos;10.72.50.24&amp;apos;, os.name: &amp;apos;Windows Server 2019&amp;apos;, os.arch: &amp;apos;amd64&amp;apos;, os.version: &amp;apos;10.0&amp;apos;, java.version: &amp;apos;1.8.0_231&amp;apos;
Driver info: org.openqa.selenium.support.events.EventFiringWebDriver
Capabilities {acceptInsecureCerts: true, browserName: firefox, browserVersion: 86.0, javascriptEnabled: true, moz:accessibilityChecks: false, moz:buildID: 20210222142601, moz:geckodriverVersion: 0.29.0, moz:headless: false, moz:processID: 22648, moz:profile: C:\Users\kjain\AppData\Loca..., moz:shutdownTimeout: 60000, moz:useNonSpecCompliantPointerOrigin: false, moz:webdriverClick: true, pageLoadStrategy: normal, platform: WINDOWS, platformName: WINDOWS, platformVersion: 10.0, rotatable: false, setWindowRect: true, strictFileInteractability: false, timeouts: {implicit: 0, pageLoad: 300000, script: 30000}, unhandledPromptBehavior: accept}
Session ID: de412d1d-b30a-4485-8da4-e2a8287e2185">
      <![CDATA[org.openqa.selenium.TimeoutException: Expected condition failed: waiting for visibility of [[FirefoxDriver: firefox on WINDOWS (de412d1d-b30a-4485-8da4-e2a8287e2185)] -> id: cciFrame] (tried for 20 second(s) with 500 milliseconds interval)
Build info: version: '3.141.59', revision: 'e82be7d358', time: '2018-11-14T08:17:03'
System info: host: 'AMAZUQATEST1', ip: '10.72.50.24', os.name: 'Windows Server 2019', os.arch: 'amd64', os.version: '10.0', java.version: '1.8.0_231'
Driver info: org.openqa.selenium.support.events.EventFiringWebDriver
Capabilities {acceptInsecureCerts: true, browserName: firefox, browserVersion: 86.0, javascriptEnabled: true, moz:accessibilityChecks: false, moz:buildID: 20210222142601, moz:geckodriverVersion: 0.29.0, moz:headless: false, moz:processID: 22648, moz:profile: C:\Users\kjain\AppData\Loca..., moz:shutdownTimeout: 60000, moz:useNonSpecCompliantPointerOrigin: false, moz:webdriverClick: true, pageLoadStrategy: normal, platform: WINDOWS, platformName: WINDOWS, platformVersion: 10.0, rotatable: false, setWindowRect: true, strictFileInteractability: false, timeouts: {implicit: 0, pageLoad: 300000, script: 30000}, unhandledPromptBehavior: accept}
Session ID: de412d1d-b30a-4485-8da4-e2a8287e2185
at org.openqa.selenium.support.ui.WebDriverWait.timeoutException(WebDriverWait.java:95)
at org.openqa.selenium.support.ui.FluentWait.until(FluentWait.java:272)
at suite.base.PageBase.getWebElement(PageBase.java:147)
at suite.page.CheckoutPage.switchToPaymentIframe(CheckoutPage.java:741)
at suite.test.RegisteredCheckoutTest.RegisteredUser_GroundShipping_Master(RegisteredCheckoutTest.java:210)
... Removed 25 stack frames]]>
    </failure>
  </testcase> <!-- RegisteredUser_GroundShipping_Master -->
  <testcase name="RegisteredUser_SecondShipping_Amex" time="0.0" classname="suite.test.RegisteredCheckoutTest">
    <ignored/>
  </testcase> <!-- RegisteredUser_SecondShipping_Amex -->
  <testcase name="RegisteredUser_NextDayShipping_Paypal" time="0.0" classname="suite.test.RegisteredCheckoutTest">
    <ignored/>
  </testcase> <!-- RegisteredUser_NextDayShipping_Paypal -->
  <testcase name="RegisteredUser_NextShipping_Master" time="0.0" classname="suite.test.RegisteredCheckoutTest">
    <ignored/>
  </testcase> <!-- RegisteredUser_NextShipping_Master -->
  <testcase name="RegisteredUser_GroundShipping_Amex" time="0.0" classname="suite.test.RegisteredCheckoutTest">
    <ignored/>
  </testcase> <!-- RegisteredUser_GroundShipping_Amex -->
  <testcase name="RegisteredUser_SecondShipping_Disc" time="0.0" classname="suite.test.RegisteredCheckoutTest">
    <ignored/>
  </testcase> <!-- RegisteredUser_SecondShipping_Disc -->
  <testcase name="RegisteredUser_GroundShipping_Visa_2" time="0.0" classname="suite.test.RegisteredCheckoutTest">
    <ignored/>
  </testcase> <!-- RegisteredUser_GroundShipping_Visa_2 -->
  <testcase name="RegisteredUser_GroundShipping_Visa_1" time="0.0" classname="suite.test.RegisteredCheckoutTest">
    <ignored/>
  </testcase> <!-- RegisteredUser_GroundShipping_Visa_1 -->
  <testcase name="RegisteredUser_NextDayShipping_PaypalCredit" time="0.0" classname="suite.test.RegisteredCheckoutTest">
    <ignored/>
  </testcase> <!-- RegisteredUser_NextDayShipping_PaypalCredit -->
  <testcase name="RegisteredUser_SecondShipping_Master" time="0.0" classname="suite.test.RegisteredCheckoutTest">
    <ignored/>
  </testcase> <!-- RegisteredUser_SecondShipping_Master -->
  <testcase name="RegisteredUser_GroundShipping_Paypal" time="0.0" classname="suite.test.RegisteredCheckoutTest">
    <ignored/>
  </testcase> <!-- RegisteredUser_GroundShipping_Paypal -->
  <testcase name="RegisteredUser_NextShipping_Disc" time="0.0" classname="suite.test.RegisteredCheckoutTest">
    <ignored/>
  </testcase> <!-- RegisteredUser_NextShipping_Disc -->
  <testcase name="RegisteredUser_GroundShipping_Disc" time="0.0" classname="suite.test.RegisteredCheckoutTest">
    <ignored/>
  </testcase> <!-- RegisteredUser_GroundShipping_Disc -->
  <testcase name="RegisteredUser_GroundShipping_PaypalCredit" time="0.0" classname="suite.test.RegisteredCheckoutTest">
    <ignored/>
  </testcase> <!-- RegisteredUser_GroundShipping_PaypalCredit -->
  <testcase name="RegisteredUser_NextShipping_Visa" time="0.0" classname="suite.test.RegisteredCheckoutTest">
    <ignored/>
  </testcase> <!-- RegisteredUser_NextShipping_Visa -->
  <testcase name="RegisteredUser_SecondDayShipping_PaypalCredit" time="0.0" classname="suite.test.RegisteredCheckoutTest">
    <ignored/>
  </testcase> <!-- RegisteredUser_SecondDayShipping_PaypalCredit -->
  <testcase name="RegisteredUser_SecondShipping_Paypal" time="0.0" classname="suite.test.RegisteredCheckoutTest">
    <ignored/>
  </testcase> <!-- RegisteredUser_SecondShipping_Paypal -->
  <testcase name="RegisteredUser_SecondShipping_Visa" time="0.0" classname="suite.test.RegisteredCheckoutTest">
    <ignored/>
  </testcase> <!-- RegisteredUser_SecondShipping_Visa -->
  <testcase name="RegisteredUser_NextShipping_Amex" time="0.0" classname="suite.test.RegisteredCheckoutTest">
    <ignored/>
  </testcase> <!-- RegisteredUser_NextShipping_Amex -->
</testsuite> <!-- Regression Test -->
