<?xml version="1.0" encoding="UTF-8"?>
<!-- Generated by org.testng.reporters.JUnitXMLReporter -->
<testsuite hostname="AMAZUQATEST1" ignored="17" name="Test1" tests="1" failures="1" timestamp="11 Feb 2021 14:09:16 GMT" time="87.411" errors="0">
  <testcase name="GuestUser_GroundShipping_Visa" time="81.555" classname="suite.test.CheckoutTest">
    <failure type="org.openqa.selenium.TimeoutException" message="Expected condition failed: waiting for visibility of [[FirefoxDriver: firefox on WINDOWS (12cb1252-8114-4714-bfc4-4ba1509136ac)] -&amp;gt; id: cciFrame] (tried for 20 second(s) with 500 milliseconds interval)
Build info: version: &amp;apos;3.141.59&amp;apos;, revision: &amp;apos;e82be7d358&amp;apos;, time: &amp;apos;2018-11-14T08:17:03&amp;apos;
System info: host: &amp;apos;AMAZUQATEST1&amp;apos;, ip: &amp;apos;10.72.50.24&amp;apos;, os.name: &amp;apos;Windows Server 2019&amp;apos;, os.arch: &amp;apos;amd64&amp;apos;, os.version: &amp;apos;10.0&amp;apos;, java.version: &amp;apos;1.8.0_231&amp;apos;
Driver info: org.openqa.selenium.support.events.EventFiringWebDriver
Capabilities {acceptInsecureCerts: true, browserName: firefox, browserVersion: 85.0.2, javascriptEnabled: true, moz:accessibilityChecks: false, moz:buildID: 20210208133944, moz:geckodriverVersion: 0.29.0, moz:headless: false, moz:processID: 62940, moz:profile: C:\Users\abhawsar\AppData\L..., moz:shutdownTimeout: 60000, moz:useNonSpecCompliantPointerOrigin: false, moz:webdriverClick: true, pageLoadStrategy: normal, platform: WINDOWS, platformName: WINDOWS, platformVersion: 10.0, rotatable: false, setWindowRect: true, strictFileInteractability: false, timeouts: {implicit: 0, pageLoad: 300000, script: 30000}, unhandledPromptBehavior: accept}
Session ID: 12cb1252-8114-4714-bfc4-4ba1509136ac">
      <![CDATA[org.openqa.selenium.TimeoutException: Expected condition failed: waiting for visibility of [[FirefoxDriver: firefox on WINDOWS (12cb1252-8114-4714-bfc4-4ba1509136ac)] -> id: cciFrame] (tried for 20 second(s) with 500 milliseconds interval)
Build info: version: '3.141.59', revision: 'e82be7d358', time: '2018-11-14T08:17:03'
System info: host: 'AMAZUQATEST1', ip: '10.72.50.24', os.name: 'Windows Server 2019', os.arch: 'amd64', os.version: '10.0', java.version: '1.8.0_231'
Driver info: org.openqa.selenium.support.events.EventFiringWebDriver
Capabilities {acceptInsecureCerts: true, browserName: firefox, browserVersion: 85.0.2, javascriptEnabled: true, moz:accessibilityChecks: false, moz:buildID: 20210208133944, moz:geckodriverVersion: 0.29.0, moz:headless: false, moz:processID: 62940, moz:profile: C:\Users\abhawsar\AppData\L..., moz:shutdownTimeout: 60000, moz:useNonSpecCompliantPointerOrigin: false, moz:webdriverClick: true, pageLoadStrategy: normal, platform: WINDOWS, platformName: WINDOWS, platformVersion: 10.0, rotatable: false, setWindowRect: true, strictFileInteractability: false, timeouts: {implicit: 0, pageLoad: 300000, script: 30000}, unhandledPromptBehavior: accept}
Session ID: 12cb1252-8114-4714-bfc4-4ba1509136ac
at org.openqa.selenium.support.ui.WebDriverWait.timeoutException(WebDriverWait.java:95)
at org.openqa.selenium.support.ui.FluentWait.until(FluentWait.java:272)
at suite.base.PageBase.getWebElement(PageBase.java:147)
at suite.page.CheckoutPage.switchToPaymentIframe(CheckoutPage.java:693)
at suite.test.CheckoutTest.GuestUser_GroundShipping_Visa(CheckoutTest.java:120)
... Removed 25 stack frames]]>
    </failure>
  </testcase> <!-- GuestUser_GroundShipping_Visa -->
  <testcase name="Guestuser_GroundShipping_Paypal" time="0.0" classname="suite.test.CheckoutTest">
    <ignored/>
  </testcase> <!-- Guestuser_GroundShipping_Paypal -->
  <testcase name="GuestUser_NextShipping_Visa" time="0.0" classname="suite.test.CheckoutTest">
    <ignored/>
  </testcase> <!-- GuestUser_NextShipping_Visa -->
  <testcase name="GuestUser_GroundShipping_PayPalCredit" time="0.0" classname="suite.test.CheckoutTest">
    <ignored/>
  </testcase> <!-- GuestUser_GroundShipping_PayPalCredit -->
  <testcase name="GuestUser_NextDayShipping_PayPalCredit" time="0.0" classname="suite.test.CheckoutTest">
    <ignored/>
  </testcase> <!-- GuestUser_NextDayShipping_PayPalCredit -->
  <testcase name="GuestUser_SecondShipping_Amex" time="0.0" classname="suite.test.CheckoutTest">
    <ignored/>
  </testcase> <!-- GuestUser_SecondShipping_Amex -->
  <testcase name="GuestUser_SecondDayShipping_PayPalCredit" time="0.0" classname="suite.test.CheckoutTest">
    <ignored/>
  </testcase> <!-- GuestUser_SecondDayShipping_PayPalCredit -->
  <testcase name="GuestUser_NextShipping_Master" time="0.0" classname="suite.test.CheckoutTest">
    <ignored/>
  </testcase> <!-- GuestUser_NextShipping_Master -->
  <testcase name="Guestuser_SecondShipping_Paypal" time="0.0" classname="suite.test.CheckoutTest">
    <ignored/>
  </testcase> <!-- Guestuser_SecondShipping_Paypal -->
  <testcase name="GuestUser_NextShipping_Amex" time="0.0" classname="suite.test.CheckoutTest">
    <ignored/>
  </testcase> <!-- GuestUser_NextShipping_Amex -->
  <testcase name="GuestUser_GroundShipping_Disc" time="0.0" classname="suite.test.CheckoutTest">
    <ignored/>
  </testcase> <!-- GuestUser_GroundShipping_Disc -->
  <testcase name="GuestUser_SecondShipping_Disc" time="0.0" classname="suite.test.CheckoutTest">
    <ignored/>
  </testcase> <!-- GuestUser_SecondShipping_Disc -->
  <testcase name="GuestUser_GroundShipping_Master" time="0.0" classname="suite.test.CheckoutTest">
    <ignored/>
  </testcase> <!-- GuestUser_GroundShipping_Master -->
  <testcase name="GuestUser_SecondShipping_Visa" time="0.0" classname="suite.test.CheckoutTest">
    <ignored/>
  </testcase> <!-- GuestUser_SecondShipping_Visa -->
  <testcase name="GuestUser_GroundShipping_Amex" time="0.0" classname="suite.test.CheckoutTest">
    <ignored/>
  </testcase> <!-- GuestUser_GroundShipping_Amex -->
  <testcase name="Guestuser_NextShipping_Paypal" time="0.0" classname="suite.test.CheckoutTest">
    <ignored/>
  </testcase> <!-- Guestuser_NextShipping_Paypal -->
  <testcase name="GuestUser_NextShipping_Disc" time="0.0" classname="suite.test.CheckoutTest">
    <ignored/>
  </testcase> <!-- GuestUser_NextShipping_Disc -->
  <testcase name="GuestUser_SecondShipping_Master" time="0.0" classname="suite.test.CheckoutTest">
    <ignored/>
  </testcase> <!-- GuestUser_SecondShipping_Master -->
</testsuite> <!-- Test1 -->
